[2025-03-09 10:02:47] Login attempt started
[2025-03-09 10:02:47] Database connection successful
[2025-03-09 10:02:47] Checking login for email: customer4@gmail.com
[2025-03-09 10:02:47] Customer found with this email
[2025-03-09 10:02:47] Customer password matches
[2025-03-09 10:03:20] Login attempt started
[2025-03-09 10:03:20] Database connection successful
[2025-03-09 10:03:20] Checking login for email: employee2@gmail.com
[2025-03-09 10:03:20] Employee found with this email
[2025-03-09 10:03:20] Employee password matches
[2025-03-09 10:03:42] Login attempt started
[2025-03-09 10:03:42] Database connection successful
[2025-03-09 10:03:42] Checking login for email: admin1@gmail.com
[2025-03-09 10:03:42] Administrator found with this email
[2025-03-09 10:03:42] Administrator password matches
[2025-03-09 10:03:50] Login attempt started
[2025-03-09 10:03:50] Database connection successful
[2025-03-09 10:03:50] Checking login for email: admin1@gmail.com
[2025-03-09 10:03:50] Administrator found with this email
[2025-03-09 10:03:50] Administrator password does not match
[2025-03-09 10:03:50] Login failed - no matching credentials found
[2025-03-09 10:03:53] Login attempt started
[2025-03-09 10:03:53] Database connection successful
[2025-03-09 10:03:53] Checking login for email: admin1@gmail.com
[2025-03-09 10:03:53] Administrator found with this email
[2025-03-09 10:03:53] Administrator password does not match
[2025-03-09 10:03:53] Login failed - no matching credentials found
[2025-03-09 10:03:56] Login attempt started
[2025-03-09 10:03:56] Database connection successful
[2025-03-09 10:03:56] Checking login for email: admin1@gmail.com
[2025-03-09 10:03:56] Administrator found with this email
[2025-03-09 10:03:56] Administrator password does not match
[2025-03-09 10:03:56] Login failed - no matching credentials found
[2025-03-09 10:03:59] Login attempt started
[2025-03-09 10:03:59] Database connection successful
[2025-03-09 10:03:59] Checking login for email: admin1@gmail.com
[2025-03-09 10:03:59] Administrator found with this email
[2025-03-09 10:03:59] Administrator password does not match
[2025-03-09 10:03:59] Login failed - no matching credentials found
[2025-03-10 06:51:00] Login attempt started
[2025-03-10 06:51:00] Database connection successful
[2025-03-10 06:51:00] Checking login for email: customer1@gmail.com
[2025-03-10 06:51:00] No user found with this email
[2025-03-10 06:51:00] Login failed - no matching credentials found
[2025-03-10 06:51:11] Login attempt started
[2025-03-10 06:51:11] Database connection successful
[2025-03-10 06:51:11] Checking login for email: customer2@gmail.com
[2025-03-10 06:51:11] User found with this email
[2025-03-10 06:51:11] Password matches
[2025-03-10 06:51:11] Login successful. User type: 3, Role: Customer
[2025-03-10 06:51:36] Login attempt started
[2025-03-10 06:51:36] Database connection successful
[2025-03-10 06:51:36] Checking login for email: employee@example.com
[2025-03-10 06:51:36] User found with this email
[2025-03-10 06:51:36] Password matches
[2025-03-10 06:51:36] Login successful. User type: 2, Role: Employee
[2025-03-10 06:52:00] Login attempt started
[2025-03-10 06:52:00] Database connection successful
[2025-03-10 06:52:00] Checking login for email: admin1@gmail.com
[2025-03-10 06:52:00] User found with this email
[2025-03-10 06:52:00] Password does not match
[2025-03-10 06:52:00] Login failed - no matching credentials found
[2025-03-10 06:52:09] Login attempt started
[2025-03-10 06:52:09] Database connection successful
[2025-03-10 06:52:09] Checking login for email: admin1@gmail.com
[2025-03-10 06:52:09] User found with this email
[2025-03-10 06:52:09] Password matches
[2025-03-10 06:52:09] Login successful. User type: 1, Role: Administrator
[2025-03-10 08:15:45] Login attempt started
[2025-03-10 08:15:45] Database connection successful
[2025-03-10 08:15:45] Checking login for email: customer5@gmail.com
[2025-03-10 08:15:45] User found with this email
[2025-03-10 08:15:46] Password matches
[2025-03-10 08:15:46] Login successful. User type: 3, Role: Customer
[2025-03-13 03:04:18] Login attempt started
[2025-03-13 03:04:18] Database connection successful
[2025-03-13 03:04:18] Checking login for email: wesleybibon2k19@gmail.com
[2025-03-13 03:04:18] User found with this email
[2025-03-13 03:04:18] Password matches
[2025-03-13 03:04:18] Login successful. User type: 3, Role: Customer
[2025-03-13 03:05:05] Login attempt started
[2025-03-13 03:05:05] Database connection successful
[2025-03-13 03:05:05] Checking login for email: employee@example.com
[2025-03-13 03:05:05] User found with this email
[2025-03-13 03:05:05] Password matches
[2025-03-13 03:05:05] Login successful. User type: 2, Role: Employee
[2025-03-13 03:32:29] Login attempt started
[2025-03-13 03:32:29] Database connection successful
[2025-03-13 03:32:29] Checking login for email: wesleybibon2k19@gmail.com
[2025-03-13 03:32:29] User found with this email
[2025-03-13 03:32:29] Password matches
[2025-03-13 03:32:29] Login successful. User type: 3, Role: Customer
[2025-03-14 03:56:21] Login attempt started
[2025-03-14 03:56:21] Database connection successful
[2025-03-14 03:56:21] Checking login for email: customer2@gmail.com
[2025-03-14 03:56:21] User found with this email
[2025-03-14 03:56:21] Password matches
[2025-03-14 03:56:21] Login successful. User type: 3, Role: Customer
[2025-03-14 04:18:48] Login attempt started
[2025-03-14 04:18:48] Database connection successful
[2025-03-14 04:18:48] Checking login for email: customer2@gmail.com
[2025-03-14 04:18:48] User found with this email
[2025-03-14 04:18:48] Password matches
[2025-03-14 04:18:48] Login successful. User type: 3, Role: Customer
[2025-03-14 04:19:57] Login attempt started
[2025-03-14 04:19:57] Database connection successful
[2025-03-14 04:19:57] Checking login for email: customer2@gmail.com
[2025-03-14 04:19:57] User found with this email
[2025-03-14 04:19:57] Password matches
[2025-03-14 04:19:57] Login successful. User type: 3, Role: Customer
[2025-03-14 04:29:54] Login attempt started
[2025-03-14 04:29:54] Database connection successful
[2025-03-14 04:29:54] Checking login for email: customer2@gmail.com
[2025-03-14 04:29:54] User found with this email
[2025-03-14 04:29:54] Password matches
[2025-03-14 04:29:54] Login successful. User type: 3, Role: Customer
[2025-03-14 04:34:41] Login attempt started
[2025-03-14 04:34:41] Database connection successful
[2025-03-14 04:34:41] Checking login for email: customer2@gmail.com
[2025-03-14 04:34:41] User found with this email
[2025-03-14 04:34:41] Password matches
[2025-03-14 04:34:41] Login successful. User type: 3, Role: Customer
[2025-03-14 04:35:52] Login attempt started
[2025-03-14 04:35:52] Database connection successful
[2025-03-14 04:35:52] Checking login for email: customer2@gmail.com
[2025-03-14 04:35:52] User found with this email
[2025-03-14 04:35:52] Password matches
[2025-03-14 04:35:52] Login successful. User type: 3, Role: Customer
[2025-03-14 04:37:41] Login attempt started
[2025-03-14 04:37:41] Database connection successful
[2025-03-14 04:37:41] Checking login for email: customer2@gmail.com
[2025-03-14 04:37:41] User found with this email
[2025-03-14 04:37:41] Password matches
[2025-03-14 04:37:41] Login successful. User type: 3, Role: Customer
[2025-03-14 04:38:32] Login attempt started
[2025-03-14 04:38:32] Database connection successful
[2025-03-14 04:38:32] Checking login for email: customer2@gmail.com
[2025-03-14 04:38:32] User found with this email
[2025-03-14 04:38:32] Password matches
[2025-03-14 04:38:32] Login successful. User type: 3, Role: Customer
[2025-03-14 04:40:54] Login attempt started
[2025-03-14 04:40:54] Database connection successful
[2025-03-14 04:40:54] Checking login for email: customer2@gmail.com
[2025-03-14 04:40:54] User found with this email
[2025-03-14 04:40:55] Password matches
[2025-03-14 04:40:55] Login successful. User type: 3, Role: Customer
[2025-03-14 04:41:48] Login attempt started
[2025-03-14 04:41:48] Database connection successful
[2025-03-14 04:41:48] Checking login for email: customer2@gmail.com
[2025-03-14 04:41:48] User found with this email
[2025-03-14 04:41:48] Password matches
[2025-03-14 04:41:48] Login successful. User type: 3, Role: Customer
[2025-03-14 04:43:32] Login attempt started
[2025-03-14 04:43:32] Database connection successful
[2025-03-14 04:43:32] Checking login for email: customer2@gmail.com
[2025-03-14 04:43:32] User found with this email
[2025-03-14 04:43:32] Password matches
[2025-03-14 04:43:32] Login successful. User type: 3, Role: Customer
[2025-03-14 04:44:33] Login attempt started
[2025-03-14 04:44:33] Database connection successful
[2025-03-14 04:44:33] Checking login for email: customer2@gmail.com
[2025-03-14 04:44:33] User found with this email
[2025-03-14 04:44:33] Password matches
[2025-03-14 04:44:33] Login successful. User type: 3, Role: Customer
[2025-03-14 04:48:31] Login attempt started
[2025-03-14 04:48:31] Database connection successful
[2025-03-14 04:48:31] Checking login for email: admin2@gmail.com
[2025-03-14 04:48:31] User found with this email
[2025-03-14 04:48:31] Password matches
[2025-03-14 04:48:31] Login successful. User type: 1, Role: Administrator
[2025-03-15 03:17:57] Login attempt started
[2025-03-15 03:17:57] Database connection successful
[2025-03-15 03:17:57] Checking login for email: admin2@gmail.com
[2025-03-15 03:17:58] User found with this email
[2025-03-15 03:17:58] Password matches
[2025-03-15 03:17:58] Login successful. User type: 1, Role: Administrator
[2025-03-16 07:46:02] Login attempt started
[2025-03-16 07:46:02] Database connection successful
[2025-03-16 07:46:02] Checking login for email: customer2@gmail.com
[2025-03-16 07:46:02] User found with this email
[2025-03-16 07:46:02] Password matches
[2025-03-16 07:46:02] Login successful. User type: 3, Role: Customer
[2025-03-17 05:58:46] Login attempt started
[2025-03-17 05:58:46] Database connection successful
[2025-03-17 05:58:46] Checking login for email: customer2@gmail.com
[2025-03-17 05:58:46] User found with this email
[2025-03-17 05:58:46] Password matches
[2025-03-17 05:58:46] Login successful. User type: 3, Role: Customer
[2025-03-17 12:08:16] Login attempt started
[2025-03-17 12:08:16] Database connection successful
[2025-03-17 12:08:16] Checking login for email: customer2@gmail.com
[2025-03-17 12:08:17] User found with this email
[2025-03-17 12:08:17] Password matches
[2025-03-17 12:08:17] Login successful. User type: 3, Role: Customer
[2025-03-17 13:47:45] Login attempt started
[2025-03-17 13:47:45] Database connection successful
[2025-03-17 13:47:45] Checking login for email: customer2@gmail.com
[2025-03-17 13:47:45] User found with this email
[2025-03-17 13:47:45] Password matches
[2025-03-17 13:47:45] Login successful. User type: 3, Role: Customer
[2025-03-18 11:44:59] Login attempt started
[2025-03-18 11:44:59] Database connection successful
[2025-03-18 11:44:59] Checking login for email: customer4@gmail.com
[2025-03-18 11:44:59] User found with this email
[2025-03-18 11:44:59] Password matches
[2025-03-18 11:44:59] Login successful. User type: 3, Role: Customer
[2025-03-19 02:47:42] Login attempt started
[2025-03-19 02:47:42] Database connection successful
[2025-03-19 02:47:42] Checking login for email: customer4@gmail.com
[2025-03-19 02:47:42] User found with this email
[2025-03-19 02:47:42] Password does not match
[2025-03-19 02:47:42] Login failed - no matching credentials found
[2025-03-19 02:47:54] Login attempt started
[2025-03-19 02:47:54] Database connection successful
[2025-03-19 02:47:54] Checking login for email: customer4@gmail.com
[2025-03-19 02:47:54] User found with this email
[2025-03-19 02:47:54] Password matches
[2025-03-19 02:47:54] Login successful. User type: 3, Role: Customer
[2025-03-19 06:23:25] Login attempt started
[2025-03-19 06:23:25] Database connection successful
[2025-03-19 06:23:25] Checking login for email: customer4@gmail.com
[2025-03-19 06:23:25] User found with this email
[2025-03-19 06:23:25] Password matches
[2025-03-19 06:23:25] Login successful. User type: 3, Role: Customer
[2025-03-19 06:24:21] Login attempt started
[2025-03-19 06:24:21] Database connection successful
[2025-03-19 06:24:21] Checking login for email: customer3@gmail.com
[2025-03-19 06:24:21] User found with this email
[2025-03-19 06:24:21] Password matches
[2025-03-19 06:24:21] Login successful. User type: 3, Role: Customer
[2025-03-19 06:24:57] Login attempt started
[2025-03-19 06:24:57] Database connection successful
[2025-03-19 06:24:57] Checking login for email: customer4@gmail.com
[2025-03-19 06:24:57] User found with this email
[2025-03-19 06:24:57] Password matches
[2025-03-19 06:24:57] Login successful. User type: 3, Role: Customer
[2025-03-19 06:26:08] Login attempt started
[2025-03-19 06:26:08] Database connection successful
[2025-03-19 06:26:08] Checking login for email: customer4@gmail.com
[2025-03-19 06:26:08] User found with this email
[2025-03-19 06:26:08] Password matches
[2025-03-19 06:26:08] Login successful. User type: 3, Role: Customer
[2025-03-19 06:52:46] Login attempt started
[2025-03-19 06:52:46] Database connection successful
[2025-03-19 06:52:46] Checking login for email: customer2@gmail.com
[2025-03-19 06:52:46] User found with this email
[2025-03-19 06:52:46] Password matches
[2025-03-19 06:52:46] Login successful. User type: 3, Role: Customer
[2025-03-19 06:56:38] Login attempt started
[2025-03-19 06:56:38] Database connection successful
[2025-03-19 06:56:38] Checking login for email: customer3@gmail.com
[2025-03-19 06:56:38] User found with this email
[2025-03-19 06:56:38] Password matches
[2025-03-19 06:56:38] Login successful. User type: 3, Role: Customer
[2025-03-19 06:57:10] Login attempt started
[2025-03-19 06:57:10] Database connection successful
[2025-03-19 06:57:10] Checking login for email: customer4@gmail.com
[2025-03-19 06:57:10] User found with this email
[2025-03-19 06:57:10] Password matches
[2025-03-19 06:57:10] Login successful. User type: 3, Role: Customer
[2025-03-19 06:57:35] Login attempt started
[2025-03-19 06:57:35] Database connection successful
[2025-03-19 06:57:35] Checking login for email: customer2@gmail.com
[2025-03-19 06:57:35] User found with this email
[2025-03-19 06:57:35] Password matches
[2025-03-19 06:57:35] Login successful. User type: 3, Role: Customer
[2025-03-19 07:52:43] Login attempt started
[2025-03-19 07:52:43] Database connection successful
[2025-03-19 07:52:43] Checking login for email: customer2@gmail.com
[2025-03-19 07:52:43] User found with this email
[2025-03-19 07:52:43] Password matches
[2025-03-19 07:52:43] Login successful. User type: 3, Role: Customer
[2025-03-19 08:02:43] Login attempt started
[2025-03-19 08:02:43] Database connection successful
[2025-03-19 08:02:43] Checking login for email: admin1@gmail.com
[2025-03-19 08:02:43] User found with this email
[2025-03-19 08:02:43] Password does not match
[2025-03-19 08:02:43] Login failed - no matching credentials found
[2025-03-19 08:02:49] Login attempt started
[2025-03-19 08:02:49] Database connection successful
[2025-03-19 08:02:49] Checking login for email: admin1@gmail.com
[2025-03-19 08:02:49] User found with this email
[2025-03-19 08:02:49] Password does not match
[2025-03-19 08:02:49] Login failed - no matching credentials found
[2025-03-19 08:02:52] Login attempt started
[2025-03-19 08:02:52] Database connection successful
[2025-03-19 08:02:52] Checking login for email: admin1@gmail.com
[2025-03-19 08:02:52] User found with this email
[2025-03-19 08:02:53] Password matches
[2025-03-19 08:02:53] Login successful. User type: 1, Role: Administrator
[2025-03-19 08:06:36] Login attempt started
[2025-03-19 08:06:36] Database connection successful
[2025-03-19 08:06:36] Checking login for email: admin1@gmail.com
[2025-03-19 08:06:36] User found with this email
[2025-03-19 08:06:36] Password matches
[2025-03-19 08:06:36] Login successful. User type: 1, Role: Administrator
[2025-03-19 08:08:09] Login attempt started
[2025-03-19 08:08:09] Database connection successful
[2025-03-19 08:08:09] Checking login for email: admin1@gmail.com
[2025-03-19 08:08:09] User found with this email
[2025-03-19 08:08:09] Password matches
[2025-03-19 08:08:09] Login successful. User type: 1, Role: Administrator
[2025-03-19 08:09:02] Login attempt started
[2025-03-19 08:09:02] Database connection successful
[2025-03-19 08:09:02] Checking login for email: admin1@gmail.com
[2025-03-19 08:09:02] User found with this email
[2025-03-19 08:09:02] Password matches
[2025-03-19 08:09:02] Login successful. User type: 1, Role: Administrator
[2025-03-19 08:09:35] Login attempt started
[2025-03-19 08:09:35] Database connection successful
[2025-03-19 08:09:35] Checking login for email: admin1@gmail.com
[2025-03-19 08:09:35] User found with this email
[2025-03-19 08:09:35] Password matches
[2025-03-19 08:09:35] Login successful. User type: 1, Role: Administrator
[2025-03-19 08:10:04] Login attempt started
[2025-03-19 08:10:04] Database connection successful
[2025-03-19 08:10:04] Checking login for email: customer2@gmail.com
[2025-03-19 08:10:04] User found with this email
[2025-03-19 08:10:04] Password matches
[2025-03-19 08:10:04] Login successful. User type: 3, Role: Customer
[2025-03-19 13:11:31] Login attempt started
[2025-03-19 13:11:39] Login attempt started
[2025-03-19 13:11:49] Login attempt started
[2025-03-19 13:12:21] Login attempt started
[2025-03-19 13:12:29] Login attempt started
[2025-03-19 13:12:45] Login attempt started
[2025-03-19 13:12:45] Database connection successful
[2025-03-19 13:12:45] Checking login for email: admin1@gmail.com
[2025-03-19 13:12:45] User found with this email
[2025-03-19 13:12:45] Password matches
[2025-03-19 13:12:45] Login successful. User type: 1, Role: Administrator
[2025-03-19 13:32:07] Login attempt started
[2025-03-19 13:32:07] Database connection successful
[2025-03-19 13:32:07] Checking login for email: customer2@gmail.com
[2025-03-19 13:32:07] User found with this email
[2025-03-19 13:32:07] Password matches
[2025-03-19 13:32:07] Login successful. User type: 3, Role: Customer
[2025-03-20 11:48:31] Login attempt started
[2025-03-20 11:48:31] Database connection successful
[2025-03-20 11:48:31] Checking login for email: customer2@gmail.com
[2025-03-20 11:48:31] User found with this email
[2025-03-20 11:48:31] Password matches
[2025-03-20 11:48:31] Login successful. User type: 3, Role: Customer
[2025-03-20 11:49:04] Login attempt started
[2025-03-20 11:49:04] Database connection successful
[2025-03-20 11:49:04] Checking login for email: admin1@gmail.com
[2025-03-20 11:49:04] User found with this email
[2025-03-20 11:49:04] Password matches
[2025-03-20 11:49:04] Login successful. User type: 1, Role: Administrator
[2025-03-20 13:28:10] Login attempt started
[2025-03-20 13:28:10] Database connection successful
[2025-03-20 13:28:10] Checking login for email: customer2@gmail.com
[2025-03-20 13:28:10] User found with this email
[2025-03-20 13:28:10] Password matches
[2025-03-20 13:28:10] Login successful. User type: 3, Role: Customer
[2025-03-20 13:28:47] Login attempt started
[2025-03-20 13:28:47] Database connection successful
[2025-03-20 13:28:47] Checking login for email: customer3@gmail.com
[2025-03-20 13:28:47] User found with this email
[2025-03-20 13:28:47] Password matches
[2025-03-20 13:28:47] Login successful. User type: 3, Role: Customer
[2025-03-20 13:30:34] Login attempt started
[2025-03-20 13:30:34] Database connection successful
[2025-03-20 13:30:34] Checking login for email: customer2@gmail.com
[2025-03-20 13:30:34] User found with this email
[2025-03-20 13:30:34] Password matches
[2025-03-20 13:30:34] Login successful. User type: 3, Role: Customer
[2025-03-20 13:37:08] Login attempt started
[2025-03-20 13:37:08] Database connection successful
[2025-03-20 13:37:08] Checking login for email: admin1@gmail.com
[2025-03-20 13:37:08] User found with this email
[2025-03-20 13:37:08] Password matches
[2025-03-20 13:37:08] Login successful. User type: 1, Role: Administrator
[2025-03-20 13:38:32] Login attempt started
[2025-03-20 13:38:32] Database connection successful
[2025-03-20 13:38:32] Checking login for email: customer2@gmail.com
[2025-03-20 13:38:32] User found with this email
[2025-03-20 13:38:32] Password matches
[2025-03-20 13:38:32] Login successful. User type: 3, Role: Customer
[2025-03-20 13:40:13] Login attempt started
[2025-03-20 13:40:13] Database connection successful
[2025-03-20 13:40:13] Checking login for email: customer2@gmail.com
[2025-03-20 13:40:13] User found with this email
[2025-03-20 13:40:13] Password matches
[2025-03-20 13:40:13] Login successful. User type: 3, Role: Customer
[2025-03-20 13:40:41] Login attempt started
[2025-03-20 13:40:41] Database connection successful
[2025-03-20 13:40:41] Checking login for email: customer2@gmail.com
[2025-03-20 13:40:41] User found with this email
[2025-03-20 13:40:41] Password matches
[2025-03-20 13:40:41] Login successful. User type: 3, Role: Customer
[2025-03-20 13:41:25] Login attempt started
[2025-03-20 13:41:25] Database connection successful
[2025-03-20 13:41:25] Checking login for email: admin1@gmail.com
[2025-03-20 13:41:25] User found with this email
[2025-03-20 13:41:25] Password matches
[2025-03-20 13:41:25] Login successful. User type: 1, Role: Administrator
[2025-03-21 05:36:19] Login attempt started
[2025-03-21 05:36:19] Database connection successful
[2025-03-21 05:36:19] Checking login for email: admin1@gmail.com
[2025-03-21 05:36:20] User found with this email
[2025-03-21 05:36:20] Password matches
[2025-03-21 05:36:20] Login successful. User type: 1, Role: Administrator
[2025-03-21 05:38:28] Login attempt started
[2025-03-21 05:38:28] Database connection successful
[2025-03-21 05:38:28] Checking login for email: customer2@gmail.com
[2025-03-21 05:38:28] User found with this email
[2025-03-21 05:38:28] Password matches
[2025-03-21 05:38:28] Login successful. User type: 3, Role: Customer
[2025-03-21 05:49:06] Login attempt started
[2025-03-21 05:49:06] Database connection successful
[2025-03-21 05:49:06] Checking login for email: admin1@gmail.com
[2025-03-21 05:49:06] User found with this email
[2025-03-21 05:49:06] Password matches
[2025-03-21 05:49:06] Login successful. User type: 1, Role: Administrator
[2025-03-21 10:35:20] Login attempt started
[2025-03-21 10:35:20] Database connection successful
[2025-03-21 10:35:20] Checking login for email: customer2@gmail.com
[2025-03-21 10:35:20] User found with this email
[2025-03-21 10:35:20] Password matches
[2025-03-21 10:35:20] Login successful. User type: 3, Role: Customer
[2025-03-21 10:35:57] Login attempt started
[2025-03-21 10:35:57] Database connection successful
[2025-03-21 10:35:57] Checking login for email: customer5@gmail.com
[2025-03-21 10:35:57] User found with this email
[2025-03-21 10:35:57] Password matches
[2025-03-21 10:35:57] Login successful. User type: 3, Role: Customer
[2025-03-21 10:48:07] Login attempt started
[2025-03-21 10:48:07] Database connection successful
[2025-03-21 10:48:07] Checking login for email: customer5@gmail.com
[2025-03-21 10:48:07] User found with this email
[2025-03-21 10:48:07] Password matches
[2025-03-21 10:48:07] Login successful. User type: 3, Role: Customer
[2025-03-21 10:49:49] Login attempt started
[2025-03-21 10:49:49] Database connection successful
[2025-03-21 10:49:49] Checking login for email: customer5@gmail.com
[2025-03-21 10:49:49] User found with this email
[2025-03-21 10:49:49] Password matches
[2025-03-21 10:49:49] Login successful. User type: 3, Role: Customer
[2025-03-21 10:51:26] Login attempt started
[2025-03-21 10:51:26] Database connection successful
[2025-03-21 10:51:26] Checking login for email: customer5@gmail.com
[2025-03-21 10:51:26] User found with this email
[2025-03-21 10:51:26] Password matches
[2025-03-21 10:51:26] Login successful. User type: 3, Role: Customer
[2025-03-21 10:53:06] Login attempt started
[2025-03-21 10:53:06] Database connection successful
[2025-03-21 10:53:06] Checking login for email: customer5@gmail.com
[2025-03-21 10:53:06] User found with this email
[2025-03-21 10:53:06] Password matches
[2025-03-21 10:53:06] Login successful. User type: 3, Role: Customer
[2025-03-21 11:01:22] Login attempt started
[2025-03-21 11:01:22] Database connection successful
[2025-03-21 11:01:22] Checking login for email: customer5@gmail.com
[2025-03-21 11:01:22] User found with this email
[2025-03-21 11:01:22] Password matches
[2025-03-21 11:01:22] Login successful. User type: 3, Role: Customer
[2025-03-21 11:02:33] Login attempt started
[2025-03-21 11:02:33] Database connection successful
[2025-03-21 11:02:33] Checking login for email: customer5@gmail.com
[2025-03-21 11:02:33] User found with this email
[2025-03-21 11:02:33] Password matches
[2025-03-21 11:02:33] Login successful. User type: 3, Role: Customer
[2025-03-21 11:03:04] Login attempt started
[2025-03-21 11:03:04] Database connection successful
[2025-03-21 11:03:04] Checking login for email: customer5@gmail.com
[2025-03-21 11:03:04] User found with this email
[2025-03-21 11:03:04] Password matches
[2025-03-21 11:03:04] Login successful. User type: 3, Role: Customer
[2025-03-21 11:03:49] Login attempt started
[2025-03-21 11:03:49] Database connection successful
[2025-03-21 11:03:49] Checking login for email: wesleyfuentes2k22@gmail.com
[2025-03-21 11:03:49] User found with this email
[2025-03-21 11:03:49] Password matches
[2025-03-21 11:03:49] Login successful. User type: 3, Role: Customer
[2025-03-21 11:05:02] Login attempt started
[2025-03-21 11:05:02] Database connection successful
[2025-03-21 11:05:02] Checking login for email: wesleyfuentes2k18@gmail.com
[2025-03-21 11:05:02] User found with this email
[2025-03-21 11:05:02] Password does not match
[2025-03-21 11:05:02] Login failed - no matching credentials found
[2025-03-21 11:05:15] Login attempt started
[2025-03-21 11:05:15] Database connection successful
[2025-03-21 11:05:15] Checking login for email: wesleyfuentes2k18@gmail.com
[2025-03-21 11:05:15] User found with this email
[2025-03-21 11:05:15] Password does not match
[2025-03-21 11:05:15] Login failed - no matching credentials found
[2025-03-21 11:05:18] Login attempt started
[2025-03-21 11:05:18] Database connection successful
[2025-03-21 11:05:18] Checking login for email: wesleyfuentes2k18@gmail.com
[2025-03-21 11:05:18] User found with this email
[2025-03-21 11:05:18] Password does not match
[2025-03-21 11:05:18] Login failed - no matching credentials found
[2025-03-21 11:05:24] Login attempt started
[2025-03-21 11:05:24] Database connection successful
[2025-03-21 11:05:24] Checking login for email: wesleyfuentes2k18@gmail.com
[2025-03-21 11:05:24] User found with this email
[2025-03-21 11:05:24] Password does not match
[2025-03-21 11:05:24] Login failed - no matching credentials found
[2025-03-21 11:05:30] Login attempt started
[2025-03-21 11:05:30] Database connection successful
[2025-03-21 11:05:30] Checking login for email: wesleyfuentes2k18@gmail.com
[2025-03-21 11:05:30] User found with this email
[2025-03-21 11:05:30] Password does not match
[2025-03-21 11:05:30] Login failed - no matching credentials found
[2025-03-21 11:05:33] Login attempt started
[2025-03-21 11:05:33] Database connection successful
[2025-03-21 11:05:33] Checking login for email: wesleyfuentes2k18@gmail.com
[2025-03-21 11:05:33] User found with this email
[2025-03-21 11:05:33] Password does not match
[2025-03-21 11:05:33] Login failed - no matching credentials found
[2025-03-21 11:07:33] Login attempt started
[2025-03-21 11:07:33] Database connection successful
[2025-03-21 11:07:33] Checking login for email: wesleybibon2k19@gmail.com
[2025-03-21 11:07:33] User found with this email
[2025-03-21 11:07:33] Password matches
[2025-03-21 11:07:33] Login successful. User type: 3, Role: Customer
[2025-03-21 11:09:48] Login attempt started
[2025-03-21 11:09:48] Database connection successful
[2025-03-21 11:09:48] Checking login for email: customer2@gmail.com
[2025-03-21 11:09:48] User found with this email
[2025-03-21 11:09:49] Password matches
[2025-03-21 11:09:49] Login successful. User type: 3, Role: Customer
[2025-03-21 11:29:25] Login attempt started
[2025-03-21 11:29:25] Database connection successful
[2025-03-21 11:29:25] Checking login for email: wesleybibon2k19@gmail.com
[2025-03-21 11:29:25] User found with this email
[2025-03-21 11:29:25] Password matches
[2025-03-21 11:29:25] Login successful. User type: 3, Role: Customer
[2025-03-21 11:32:04] Login attempt started
[2025-03-21 11:32:04] Database connection successful
[2025-03-21 11:32:04] Checking login for email: customer2@gmail.com
[2025-03-21 11:32:04] User found with this email
[2025-03-21 11:32:04] Password matches
[2025-03-21 11:32:04] Login successful. User type: 3, Role: Customer
[2025-03-21 11:38:24] Login attempt started
[2025-03-21 11:38:24] Database connection successful
[2025-03-21 11:38:24] Checking login for email: customer2@gmail.com
[2025-03-21 11:38:24] User found with this email
[2025-03-21 11:38:24] Password matches
[2025-03-21 11:38:24] Login successful. User type: 3, Role: Customer
[2025-03-21 13:17:38] Login attempt started
[2025-03-21 13:17:38] Database connection successful
[2025-03-21 13:17:38] Checking login for email: customer2@gmail.com
[2025-03-21 13:17:38] User found with this email
[2025-03-21 13:17:38] Password matches
[2025-03-21 13:17:38] Login successful. User type: 3, Role: Customer
[2025-03-21 13:33:19] Login attempt started
[2025-03-21 13:33:19] Database connection successful
[2025-03-21 13:33:19] Checking login for email: admin1@gmail.com
[2025-03-21 13:33:19] User found with this email
[2025-03-21 13:33:19] Password matches
[2025-03-21 13:33:19] Login successful. User type: 1, Role: Administrator
[2025-03-21 13:35:43] Login attempt started
[2025-03-21 13:35:43] Database connection successful
[2025-03-21 13:35:43] Checking login for email: wesleybibon2k19@gmail.com
[2025-03-21 13:35:43] User found with this email
[2025-03-21 13:35:43] Password matches
[2025-03-21 13:35:43] Login successful. User type: 3, Role: Customer
[2025-03-21 13:52:21] Login attempt started
[2025-03-21 13:52:21] Database connection successful
[2025-03-21 13:52:21] Checking login for email: customer2@gmail.com
[2025-03-21 13:52:21] User found with this email
[2025-03-21 13:52:22] Password matches
[2025-03-21 13:52:22] Login successful. User type: 3, Role: Customer
[2025-03-21 14:41:23] Login attempt started
[2025-03-21 14:41:23] Database connection successful
[2025-03-21 14:41:23] Checking login for email: customer2@gmail.com
[2025-03-21 14:41:23] User found with this email
[2025-03-21 14:41:23] Password matches
[2025-03-21 14:41:23] Login successful. User type: 3, Role: Customer
[2025-03-21 14:47:41] Login attempt started
[2025-03-21 14:47:41] Database connection successful
[2025-03-21 14:47:41] Checking login for email: customer3@gmail.com
[2025-03-21 14:47:41] User found with this email
[2025-03-21 14:47:41] Password matches
[2025-03-21 14:47:41] Login successful. User type: 3, Role: Customer
[2025-03-21 14:53:04] Login attempt started
[2025-03-21 14:53:04] Database connection successful
[2025-03-21 14:53:04] Checking login for email: customer4@gmail.com
[2025-03-21 14:53:04] User found with this email
[2025-03-21 14:53:04] Password matches
[2025-03-21 14:53:04] Login successful. User type: 3, Role: Customer
[2025-03-21 14:56:52] Login attempt started
[2025-03-21 14:56:52] Database connection successful
[2025-03-21 14:56:52] Checking login for email: wesleybibon2k19@gmail.com
[2025-03-21 14:56:52] User found with this email
[2025-03-21 14:56:52] Password matches
[2025-03-21 14:56:52] Login successful. User type: 3, Role: Customer
<<<<<<< Updated upstream
[2025-03-22 09:46:36] Login attempt started
[2025-03-22 09:47:13] Login attempt started
[2025-03-22 09:47:22] Login attempt started
[2025-03-22 10:00:12] Login attempt started
[2025-03-22 10:03:55] Login attempt started
[2025-03-22 10:07:27] Login attempt started
[2025-03-22 10:46:18] Login attempt started
[2025-03-22 10:46:18] Database connection successful
[2025-03-22 10:46:18] Checking login for email: customer2@gmail.com
[2025-03-22 10:46:18] User found with this email
[2025-03-22 10:46:18] Password matches
[2025-03-22 10:46:18] Login successful. User type: 3, Role: Customer
[2025-03-22 11:49:41] Login attempt started
[2025-03-22 11:49:41] Database connection successful
[2025-03-22 11:49:41] Checking login for email: customer2@gmail.com
[2025-03-22 11:49:41] User found with this email
[2025-03-22 11:49:41] Password matches
[2025-03-22 11:49:41] Login successful. User type: 3, Role: Customer
[2025-03-22 12:15:42] Login attempt started
[2025-03-22 12:15:42] Database connection successful
[2025-03-22 12:15:42] Checking login for email: customer2@gmail.com
[2025-03-22 12:15:42] User found with this email
[2025-03-22 12:15:42] Password matches
[2025-03-22 12:15:42] Login successful. User type: 3, Role: Customer
[2025-03-22 13:01:25] Login attempt started
[2025-03-22 13:01:25] Database connection successful
[2025-03-22 13:01:25] Checking login for email: customer2@gmail.com
[2025-03-22 13:01:25] User found with this email
[2025-03-22 13:01:25] Password matches
[2025-03-22 13:01:25] Login successful. User type: 3, Role: Customer
[2025-03-22 14:21:08] Login attempt started
[2025-03-22 14:21:18] Login attempt started
[2025-03-22 14:21:43] Login attempt started
[2025-03-22 14:23:35] Login attempt started
[2025-03-22 14:23:35] Database connection successful
[2025-03-22 14:23:35] Checking login for email: customer2@gmail.com
[2025-03-22 14:23:35] User found with this email
[2025-03-22 14:23:35] Password matches
[2025-03-22 14:23:35] Login successful. User type: 3, Role: Customer
[2025-03-22 14:58:50] Login attempt started
[2025-03-22 14:58:50] Database connection successful
[2025-03-22 14:58:50] Checking login for email: admin1@gmail.com
[2025-03-22 14:58:50] User found with this email
[2025-03-22 14:58:50] Password matches
[2025-03-22 14:58:50] Login successful. User type: 1, Role: Administrator
[2025-03-23 04:30:28] Login attempt started
[2025-03-23 04:30:28] Database connection successful
[2025-03-23 04:30:28] Checking login for email: customer2@gmail.com
[2025-03-23 04:30:28] User found with this email
[2025-03-23 04:30:28] Password matches
[2025-03-23 04:30:28] Login successful. User type: 3, Role: Customer
[2025-03-23 06:07:24] Login attempt started
[2025-03-23 06:07:24] Database connection successful
[2025-03-23 06:07:24] Checking login for email: customer2@gmail.com
[2025-03-23 06:07:24] User found with this email
[2025-03-23 06:07:24] Password matches
[2025-03-23 06:07:24] Login successful. User type: 3, Role: Customer
[2025-03-23 06:35:02] Login attempt started
[2025-03-23 06:35:02] Database connection successful
[2025-03-23 06:35:02] Checking login for email: customer2@gmail.com
[2025-03-23 06:35:02] User found with this email
[2025-03-23 06:35:02] Password matches
[2025-03-23 06:35:02] Login successful. User type: 3, Role: Customer
[2025-03-23 08:55:32] Login attempt started
[2025-03-23 08:55:32] Database connection successful
[2025-03-23 08:55:32] Checking login for email: employeepila#1@gmail.com
[2025-03-23 08:55:32] User found with this email
[2025-03-23 08:55:32] Password matches
[2025-03-23 08:55:32] Login successful. User type: 2, Role: Employee
=======
[2025-03-23 04:39:21] Login attempt started
[2025-03-23 04:39:21] Database connection successful
[2025-03-23 04:39:21] Checking login for email: admin1@gmail.com
[2025-03-23 04:39:21] User found with this email
[2025-03-23 04:39:21] Password matches
[2025-03-23 04:39:21] Login successful. User type: 1, Role: Administrator
[2025-03-23 05:36:15] Login attempt started
[2025-03-23 05:36:15] Database connection successful
[2025-03-23 05:36:15] Checking login for email: employeepila#1@gmail.com
[2025-03-23 05:36:15] User found with this email
[2025-03-23 05:36:15] Password matches
[2025-03-23 05:36:15] Login successful. User type: 2, Role: Employee
[2025-03-23 06:16:49] Login attempt started
[2025-03-23 06:16:49] Database connection successful
[2025-03-23 06:16:49] Checking login for email: employeepila#1@gmail.com
[2025-03-23 06:16:49] User found with this email
[2025-03-23 06:16:49] Password matches
[2025-03-23 06:16:49] Login successful. User type: 2, Role: Employee
[2025-03-23 06:18:44] Login attempt started
[2025-03-23 06:18:44] Database connection successful
[2025-03-23 06:18:44] Checking login for email: customer2@gmail.com
[2025-03-23 06:18:44] User found with this email
[2025-03-23 06:18:44] Password matches
[2025-03-23 06:18:44] Login successful. User type: 3, Role: Customer
[2025-03-23 06:36:45] Login attempt started
[2025-03-23 06:36:45] Database connection successful
[2025-03-23 06:36:45] Checking login for email: admin1@gmail.com
[2025-03-23 06:36:45] User found with this email
[2025-03-23 06:36:45] Password matches
[2025-03-23 06:36:45] Login successful. User type: 1, Role: Administrator
[2025-03-23 06:42:04] Login attempt started
[2025-03-23 06:42:04] Database connection successful
[2025-03-23 06:42:04] Checking login for email: admin1@gmail.com
[2025-03-23 06:42:04] User found with this email
[2025-03-23 06:42:04] Password matches
[2025-03-23 06:42:04] Login successful. User type: 1, Role: Administrator
[2025-03-23 06:42:34] Login attempt started
[2025-03-23 06:42:34] Database connection successful
[2025-03-23 06:42:34] Checking login for email: customer2@gmail.com
[2025-03-23 06:42:34] User found with this email
[2025-03-23 06:42:34] Password matches
[2025-03-23 06:42:34] Login successful. User type: 3, Role: Customer
[2025-03-23 06:43:36] Login attempt started
[2025-03-23 06:43:36] Database connection successful
[2025-03-23 06:43:36] Checking login for email: employeepila#1@gmail.com
[2025-03-23 06:43:36] User found with this email
[2025-03-23 06:43:36] Password matches
[2025-03-23 06:43:36] Login successful. User type: 2, Role: Employee
[2025-03-23 06:48:55] Login attempt started
[2025-03-23 06:48:55] Database connection successful
[2025-03-23 06:48:55] Checking login for email: customer3@gmail.com
[2025-03-23 06:48:55] User found with this email
[2025-03-23 06:48:55] Password matches
[2025-03-23 06:48:55] Login successful. User type: 3, Role: Customer
[2025-03-23 06:51:37] Login attempt started
[2025-03-23 06:51:37] Database connection successful
[2025-03-23 06:51:37] Checking login for email: employeepaete#1@gmail.com
[2025-03-23 06:51:37] User found with this email
[2025-03-23 06:51:37] Password matches
[2025-03-23 06:51:37] Login successful. User type: 2, Role: Employee
[2025-03-23 06:52:24] Login attempt started
[2025-03-23 06:52:24] Database connection successful
[2025-03-23 06:52:24] Checking login for email: employeepila#1@gmail.com
[2025-03-23 06:52:24] User found with this email
[2025-03-23 06:52:24] Password matches
[2025-03-23 06:52:24] Login successful. User type: 2, Role: Employee
[2025-03-23 07:28:07] Login attempt started
[2025-03-23 07:28:07] Database connection successful
[2025-03-23 07:28:07] Checking login for email: admin1@gmail.com
[2025-03-23 07:28:07] User found with this email
[2025-03-23 07:28:07] Password matches
[2025-03-23 07:28:07] Login successful. User type: 1, Role: Administrator
>>>>>>> Stashed changes
[2025-03-23 09:04:24] Login attempt started
[2025-03-23 09:04:24] Database connection successful
[2025-03-23 09:04:24] Checking login for email: admin1@gmail.com
[2025-03-23 09:04:24] User found with this email
[2025-03-23 09:04:24] Password matches
[2025-03-23 09:04:24] Login successful. User type: 1, Role: Administrator
[2025-03-23 09:06:02] Login attempt started
[2025-03-23 09:06:02] Database connection successful
[2025-03-23 09:06:02] Checking login for email: employeepila#1@gmail.com
[2025-03-23 09:06:02] User found with this email
[2025-03-23 09:06:03] Password matches
[2025-03-23 09:06:03] Login successful. User type: 2, Role: Employee
[2025-03-23 09:15:23] Login attempt started
[2025-03-23 09:15:23] Database connection successful
[2025-03-23 09:15:23] Checking login for email: customer2@gmail.com
[2025-03-23 09:15:23] User found with this email
[2025-03-23 09:15:23] Password matches
[2025-03-23 09:15:23] Login successful. User type: 3, Role: Customer
[2025-03-23 09:42:01] Login attempt started
[2025-03-23 09:42:09] Login attempt started
[2025-03-23 09:44:12] Login attempt started
[2025-03-23 09:44:12] Database connection successful
[2025-03-23 09:44:12] Checking login for email: customer2@gmail.com
[2025-03-23 09:44:12] User found with this email
[2025-03-23 09:44:12] Password matches
[2025-03-23 09:44:12] Login successful. User type: 3, Role: Customer
[2025-03-23 09:46:14] Login attempt started
[2025-03-23 09:46:14] Database connection successful
[2025-03-23 09:46:14] Checking login for email: employeepila#1@gmail.com
[2025-03-23 09:46:14] No user found with this email
[2025-03-23 09:46:14] Login failed - no matching credentials found
[2025-03-23 09:55:44] Login attempt started
[2025-03-23 09:55:44] Database connection successful
[2025-03-23 09:55:44] Checking login for email: employee1@gmail.com
[2025-03-23 09:55:44] User found with this email
[2025-03-23 09:55:44] Password matches
[2025-03-23 09:55:44] Login successful. User type: 2, Role: Employee
[2025-03-23 09:56:25] Login attempt started
[2025-03-23 09:56:25] Database connection successful
[2025-03-23 09:56:25] Checking login for email: customer2@gmail.com
[2025-03-23 09:56:25] User found with this email
[2025-03-23 09:56:26] Password matches
[2025-03-23 09:56:26] Login successful. User type: 3, Role: Customer
[2025-03-23 10:00:28] Login attempt started
[2025-03-23 10:00:28] Database connection successful
[2025-03-23 10:00:28] Checking login for email: admin1@gmail.com
[2025-03-23 10:00:28] User found with this email
[2025-03-23 10:00:28] Password matches
[2025-03-23 10:00:28] Login successful. User type: 1, Role: Administrator
[2025-03-23 10:01:08] Login attempt started
[2025-03-23 10:01:08] Database connection successful
[2025-03-23 10:01:08] Checking login for email: customer2@gmail.com
[2025-03-23 10:01:08] User found with this email
[2025-03-23 10:01:08] Password matches
[2025-03-23 10:01:08] Login successful. User type: 3, Role: Customer
[2025-03-23 10:02:03] Login attempt started
[2025-03-23 10:02:03] Database connection successful
[2025-03-23 10:02:03] Checking login for email: employee1@gmail.com
[2025-03-23 10:02:03] User found with this email
[2025-03-23 10:02:03] Password matches
[2025-03-23 10:02:03] Login successful. User type: 2, Role: Employee
[2025-03-23 12:40:46] Login attempt started
[2025-03-23 12:40:46] Database connection successful
[2025-03-23 12:40:46] Checking login for email: customer2@gmail.com
[2025-03-23 12:40:47] User found with this email
[2025-03-23 12:40:47] Password matches
[2025-03-23 12:40:47] Login successful. User type: 3, Role: Customer
[2025-03-23 13:48:01] Login attempt started
[2025-03-23 13:48:01] Database connection successful
[2025-03-23 13:48:01] Checking login for email: customer2@gmail.com
[2025-03-23 13:48:01] User found with this email
[2025-03-23 13:48:01] Password matches
[2025-03-23 13:48:01] Login successful. User type: 3, Role: Customer
[2025-03-23 15:47:24] Login attempt started
[2025-03-23 15:47:24] Database connection successful
[2025-03-23 15:47:24] Checking login for email: customer2@gmail.com
[2025-03-23 15:47:24] User found with this email
[2025-03-23 15:47:24] Password matches
[2025-03-23 15:47:24] Login successful. User type: 3, Role: Customer
[2025-03-24 03:09:27] Login attempt started
[2025-03-24 03:09:27] Database connection successful
[2025-03-24 03:09:27] Checking login for email: admin1@gmail.com
[2025-03-24 03:09:27] User found with this email
[2025-03-24 03:09:27] Password matches
[2025-03-24 03:09:27] Login successful. User type: 1, Role: Administrator
[2025-03-24 03:36:52] Login attempt started
[2025-03-24 03:36:52] Database connection successful
[2025-03-24 03:36:52] Checking login for email: customer2@gmail.com
[2025-03-24 03:36:52] User found with this email
[2025-03-24 03:36:52] Password matches
[2025-03-24 03:36:52] Login successful. User type: 3, Role: Customer
[2025-03-24 03:54:40] Login attempt started
[2025-03-24 03:54:40] Database connection successful
[2025-03-24 03:54:40] Checking login for email: customer2@gmail.com
[2025-03-24 03:54:40] User found with this email
[2025-03-24 03:54:40] Password matches
[2025-03-24 03:54:40] Login successful. User type: 3, Role: Customer
[2025-03-24 05:11:51] Login attempt started
[2025-03-24 05:11:51] Database connection successful
[2025-03-24 05:11:51] Checking login for email: customer2@gmail.com
[2025-03-24 05:11:51] User found with this email
[2025-03-24 05:11:51] Password matches
[2025-03-24 05:11:51] Login successful. User type: 3, Role: Customer
[2025-03-24 05:56:40] Login attempt started
[2025-03-24 05:56:40] Database connection successful
[2025-03-24 05:56:40] Checking login for email: customer2@gmail.com
[2025-03-24 05:56:40] User found with this email
[2025-03-24 05:56:41] Password matches
[2025-03-24 05:56:41] Login successful. User type: 3, Role: Customer
[2025-03-24 06:56:39] Login attempt started
[2025-03-24 06:56:39] Database connection successful
[2025-03-24 06:56:39] Checking login for email: customer2@gmail.com
[2025-03-24 06:56:39] User found with this email
[2025-03-24 06:56:39] Password matches
[2025-03-24 06:56:39] Login successful. User type: 3, Role: Customer
[2025-03-24 08:03:48] Login attempt started
[2025-03-24 08:03:48] Database connection successful
[2025-03-24 08:03:48] Checking login for email: customer2@gmail.com
[2025-03-24 08:03:48] User found with this email
[2025-03-24 08:03:48] Password matches
[2025-03-24 08:03:48] Login successful. User type: 3, Role: Customer
